#
# There is insufficient memory for the Java Runtime Environment to continue.
# Native memory allocation (malloc) failed to allocate 1073741824 bytes for committing reserved memory.
# Possible reasons:
#   The system is out of physical RAM or swap space
#   In 32 bit mode, the process size limit was hit
# Possible solutions:
#   Reduce memory load on the system
#   Increase physical memory or swap space
#   Check if swap backing store is full
#   Use 64 bit Java on a 64 bit OS
#   Decrease Java heap size (-Xmx/-Xms)
#   Decrease number of Java threads
#   Decrease Java thread stack sizes (-Xss)
#   Set larger code cache with -XX:ReservedCodeCacheSize=
# This output file may be truncated or incomplete.
#
#  Out of Memory Error (os_linux.cpp:2809), pid=2397, tid=3063970624
#
# JRE version:  (7.0_79-b14) (build )
# Java VM: OpenJDK Client VM (24.79-b02 mixed mode, sharing linux-x86 )
# Derivative: IcedTea 2.5.6
# Distribution: Ubuntu 14.04 LTS, package 7u79-2.5.6-0ubuntu1.14.04.1
# Failed to write core dump. Core dumps have been disabled. To enable core dumping, try "ulimit -c unlimited" before starting Java again
#

---------------  T H R E A D  ---------------

Current thread (0xb6807800):  JavaThread "Unknown thread" [_thread_in_vm, id=2426, stack(0xb69b7000,0xb6a08000)]

Stack: [0xb69b7000,0xb6a08000]

---------------  P R O C E S S  ---------------

Java Threads: ( => current thread )

Other Threads:

=>0xb6807800 (exited) JavaThread "Unknown thread" [_thread_in_vm, id=2426, stack(0xb69b7000,0xb6a08000)]

VM state:not at safepoint (not fully initialized)

VM Mutex/Monitor currently owned by a thread: None

GC Heap History (0 events):
No events

Deoptimization events (0 events):
No events

Internal exceptions (0 events):
No events

Events (0 events):
No events


Dynamic libraries:
08048000-08049000 r-xp 00000000 08:01 262554     /usr/lib/jvm/java-7-openjdk-i386/jre/bin/java
08049000-0804a000 r--p 00000000 08:01 262554     /usr/lib/jvm/java-7-openjdk-i386/jre/bin/java
0804a000-0804b000 rw-p 00001000 08:01 262554     /usr/lib/jvm/java-7-openjdk-i386/jre/bin/java
09aea000-09b0b000 rw-p 00000000 00:00 0          [heap]
22800000-42800000 rw-p 00000000 00:00 0 
82800000-94600000 rw-p 00000000 00:00 0 
b43f4000-b44f4000 rw-p 00000000 00:00 0 
b44f4000-b477f000 rw-p 00000000 00:00 0 
b477f000-b4781000 rw-p 00000000 00:00 0 
b4781000-b4800000 rw-p 00000000 00:00 0 
b4800000-b4828000 rwxp 00000000 00:00 0 
b4828000-b6821000 rw-p 00000000 00:00 0 
b6821000-b6900000 ---p 00000000 00:00 0 
b6928000-b6930000 r-xp 00000000 08:01 262459     /usr/lib/jvm/java-7-openjdk-i386/jre/lib/i386/libzip.so
b6930000-b6931000 r--p 00007000 08:01 262459     /usr/lib/jvm/java-7-openjdk-i386/jre/lib/i386/libzip.so
b6931000-b6932000 rw-p 00008000 08:01 262459     /usr/lib/jvm/java-7-openjdk-i386/jre/lib/i386/libzip.so
b6932000-b693d000 r-xp 00000000 08:01 3254       /lib/i386-linux-gnu/libnss_files-2.19.so
b693d000-b693e000 r--p 0000a000 08:01 3254       /lib/i386-linux-gnu/libnss_files-2.19.so
b693e000-b693f000 rw-p 0000b000 08:01 3254       /lib/i386-linux-gnu/libnss_files-2.19.so
b693f000-b6949000 r-xp 00000000 08:01 3165       /lib/i386-linux-gnu/libnss_nis-2.19.so
b6949000-b694a000 r--p 00009000 08:01 3165       /lib/i386-linux-gnu/libnss_nis-2.19.so
b694a000-b694b000 rw-p 0000a000 08:01 3165       /lib/i386-linux-gnu/libnss_nis-2.19.so
b694b000-b6960000 r-xp 00000000 08:01 3230       /lib/i386-linux-gnu/libnsl-2.19.so
b6960000-b6961000 r--p 00015000 08:01 3230       /lib/i386-linux-gnu/libnsl-2.19.so
b6961000-b6962000 rw-p 00016000 08:01 3230       /lib/i386-linux-gnu/libnsl-2.19.so
b6962000-b6964000 rw-p 00000000 00:00 0 
b6964000-b696b000 r-xp 00000000 08:01 3110       /lib/i386-linux-gnu/libnss_compat-2.19.so
b696b000-b696c000 r--p 00006000 08:01 3110       /lib/i386-linux-gnu/libnss_compat-2.19.so
b696c000-b696d000 rw-p 00007000 08:01 3110       /lib/i386-linux-gnu/libnss_compat-2.19.so
b696d000-b6975000 rw-s 00000000 08:01 271245     /tmp/hsperfdata_vagrant/2397
b6975000-b699c000 r-xp 00000000 08:01 262496     /usr/lib/jvm/java-7-openjdk-i386/jre/lib/i386/libjava.so
b699c000-b699d000 r--p 00026000 08:01 262496     /usr/lib/jvm/java-7-openjdk-i386/jre/lib/i386/libjava.so
b699d000-b699e000 rw-p 00027000 08:01 262496     /usr/lib/jvm/java-7-openjdk-i386/jre/lib/i386/libjava.so
b699e000-b69ac000 r-xp 00000000 08:01 262476     /usr/lib/jvm/java-7-openjdk-i386/jre/lib/i386/libverify.so
b69ac000-b69ad000 r--p 0000d000 08:01 262476     /usr/lib/jvm/java-7-openjdk-i386/jre/lib/i386/libverify.so
b69ad000-b69ae000 rw-p 0000e000 08:01 262476     /usr/lib/jvm/java-7-openjdk-i386/jre/lib/i386/libverify.so
b69ae000-b69b5000 r-xp 00000000 08:01 3176       /lib/i386-linux-gnu/librt-2.19.so
b69b5000-b69b6000 r--p 00006000 08:01 3176       /lib/i386-linux-gnu/librt-2.19.so
b69b6000-b69b7000 rw-p 00007000 08:01 3176       /lib/i386-linux-gnu/librt-2.19.so
b69b7000-b69ba000 ---p 00000000 00:00 0 
b69ba000-b6a08000 rw-p 00000000 00:00 0          [stack:2426]
b6a08000-b6a24000 r-xp 00000000 08:01 3291       /lib/i386-linux-gnu/libgcc_s.so.1
b6a24000-b6a25000 rw-p 0001b000 08:01 3291       /lib/i386-linux-gnu/libgcc_s.so.1
b6a25000-b6a69000 r-xp 00000000 08:01 3242       /lib/i386-linux-gnu/libm-2.19.so
b6a69000-b6a6a000 r--p 00043000 08:01 3242       /lib/i386-linux-gnu/libm-2.19.so
b6a6a000-b6a6b000 rw-p 00044000 08:01 3242       /lib/i386-linux-gnu/libm-2.19.so
b6a6b000-b6b47000 r-xp 00000000 08:01 451        /usr/lib/i386-linux-gnu/libstdc++.so.6.0.19
b6b47000-b6b4b000 r--p 000dc000 08:01 451        /usr/lib/i386-linux-gnu/libstdc++.so.6.0.19
b6b4b000-b6b4c000 rw-p 000e0000 08:01 451        /usr/lib/i386-linux-gnu/libstdc++.so.6.0.19
b6b4c000-b6b53000 rw-p 00000000 00:00 0 
b6b53000-b717e000 r-xp 00000000 08:01 262495     /usr/lib/jvm/java-7-openjdk-i386/jre/lib/i386/client/libjvm.so
b717e000-b7194000 r--p 0062a000 08:01 262495     /usr/lib/jvm/java-7-openjdk-i386/jre/lib/i386/client/libjvm.so
b7194000-b71a3000 rw-p 00640000 08:01 262495     /usr/lib/jvm/java-7-openjdk-i386/jre/lib/i386/client/libjvm.so
b71a3000-b75be000 rw-p 00000000 00:00 0 
b75be000-b75d6000 r-xp 00000000 08:01 3099       /lib/i386-linux-gnu/libz.so.1.2.8
b75d6000-b75d7000 r--p 00017000 08:01 3099       /lib/i386-linux-gnu/libz.so.1.2.8
b75d7000-b75d8000 rw-p 00018000 08:01 3099       /lib/i386-linux-gnu/libz.so.1.2.8
b75d8000-b75f0000 r-xp 00000000 08:01 3121       /lib/i386-linux-gnu/libpthread-2.19.so
b75f0000-b75f1000 r--p 00018000 08:01 3121       /lib/i386-linux-gnu/libpthread-2.19.so
b75f1000-b75f2000 rw-p 00019000 08:01 3121       /lib/i386-linux-gnu/libpthread-2.19.so
b75f2000-b75f4000 rw-p 00000000 00:00 0 
b75f4000-b75f7000 r-xp 00000000 08:01 3171       /lib/i386-linux-gnu/libdl-2.19.so
b75f7000-b75f8000 r--p 00002000 08:01 3171       /lib/i386-linux-gnu/libdl-2.19.so
b75f8000-b75f9000 rw-p 00003000 08:01 3171       /lib/i386-linux-gnu/libdl-2.19.so
b75f9000-b77a1000 r-xp 00000000 08:01 3148       /lib/i386-linux-gnu/libc-2.19.so
b77a1000-b77a3000 r--p 001a8000 08:01 3148       /lib/i386-linux-gnu/libc-2.19.so
b77a3000-b77a4000 rw-p 001aa000 08:01 3148       /lib/i386-linux-gnu/libc-2.19.so
b77a4000-b77a7000 rw-p 00000000 00:00 0 
b77ad000-b77ae000 rw-p 00000000 00:00 0 
b77ae000-b77af000 r--p 00000000 00:00 0 
b77af000-b77bb000 r-xp 00000000 08:01 262462     /usr/lib/jvm/java-7-openjdk-i386/jre/lib/i386/jli/libjli.so
b77bb000-b77bc000 r--p 0000c000 08:01 262462     /usr/lib/jvm/java-7-openjdk-i386/jre/lib/i386/jli/libjli.so
b77bc000-b77bd000 rw-p 0000d000 08:01 262462     /usr/lib/jvm/java-7-openjdk-i386/jre/lib/i386/jli/libjli.so
b77bd000-b77c0000 rw-p 00000000 00:00 0 
b77c0000-b77c1000 r-xp 00000000 00:00 0          [vdso]
b77c1000-b77e1000 r-xp 00000000 08:01 3104       /lib/i386-linux-gnu/ld-2.19.so
b77e1000-b77e2000 r--p 0001f000 08:01 3104       /lib/i386-linux-gnu/ld-2.19.so
b77e2000-b77e3000 rw-p 00020000 08:01 3104       /lib/i386-linux-gnu/ld-2.19.so
bff90000-bff91000 rwxp 00000000 00:00 0 
bffc3000-bffe4000 rw-p 00000000 00:00 0          [stack]

VM Arguments:
jvm_args: -Xms1536M -Xmx1536M -XX:MaxPermSize=256m 
java_command: org.apache.spark.deploy.SparkSubmit --master local[*] --conf spark.driver.memory=1536M --num-executors 12 --executor-cores 2 --executor-memory 1g pyspark-shell
Launcher Type: SUN_STANDARD

Environment Variables:
PATH=/bin:/sbin:/usr/bin:/usr/sbin:/usr/local/bin:/usr/local/sbin:/usr/local/bin/spark-1.3.1-bin-hadoop2.6/bin

Signal Handlers:
SIGSEGV: [libjvm.so+0x4e6b10], sa_mask[0]=0x7ffbfeff, sa_flags=0x10000004
SIGBUS: [libjvm.so+0x4e6b10], sa_mask[0]=0x7ffbfeff, sa_flags=0x10000004
SIGFPE: [libjvm.so+0x3c5790], sa_mask[0]=0x7ffbfeff, sa_flags=0x10000004
SIGPIPE: [libjvm.so+0x3c5790], sa_mask[0]=0x7ffbfeff, sa_flags=0x10000004
SIGXFSZ: [libjvm.so+0x3c5790], sa_mask[0]=0x7ffbfeff, sa_flags=0x10000004
SIGILL: [libjvm.so+0x3c5790], sa_mask[0]=0x7ffbfeff, sa_flags=0x10000004
SIGUSR1: SIG_DFL, sa_mask[0]=0x00000000, sa_flags=0x00000000
SIGUSR2: [libjvm.so+0x3c5620], sa_mask[0]=0x00000000, sa_flags=0x10000004
SIGHUP: SIG_DFL, sa_mask[0]=0x00000000, sa_flags=0x00000000
SIGINT: SIG_IGN, sa_mask[0]=0x00000000, sa_flags=0x00000000
SIGTERM: SIG_DFL, sa_mask[0]=0x00000000, sa_flags=0x00000000
SIGQUIT: SIG_DFL, sa_mask[0]=0x00000000, sa_flags=0x00000000
SIGTRAP: SIG_DFL, sa_mask[0]=0x00000000, sa_flags=0x00000000


---------------  S Y S T E M  ---------------

OS:Ubuntu 14.04 (trusty)
uname:Linux 3.13.0-61-generic #100-Ubuntu SMP Wed Jul 29 11:22:15 UTC 2015 i686
libc:glibc 2.19 NPTL 2.19 
rlimit: STACK 8192k, CORE 0k, NPROC 16067, NOFILE 4096, AS infinity
load average:0.09 0.06 0.10

/proc/meminfo:
MemTotal:        2064256 kB
MemFree:          421380 kB
Buffers:           25828 kB
Cached:           299636 kB
SwapCached:            0 kB
Active:          1497944 kB
Inactive:         113412 kB
Active(anon):    1286164 kB
Inactive(anon):      272 kB
Active(file):     211780 kB
Inactive(file):   113140 kB
Unevictable:           0 kB
Mlocked:               0 kB
HighTotal:       1183688 kB
HighFree:         179508 kB
LowTotal:         880568 kB
LowFree:          241872 kB
SwapTotal:             0 kB
SwapFree:              0 kB
Dirty:               232 kB
Writeback:             0 kB
AnonPages:       1285952 kB
Mapped:            38564 kB
Shmem:               484 kB
Slab:              20592 kB
SReclaimable:      13776 kB
SUnreclaim:         6816 kB
KernelStack:        1408 kB
PageTables:         3732 kB
NFS_Unstable:          0 kB
Bounce:                0 kB
WritebackTmp:          0 kB
CommitLimit:     1032128 kB
Committed_AS:    2667896 kB
VmallocTotal:     122880 kB
VmallocUsed:        2500 kB
VmallocChunk:     118264 kB
HardwareCorrupted:     0 kB
AnonHugePages:   1064960 kB
HugePages_Total:       0
HugePages_Free:        0
HugePages_Rsvd:        0
HugePages_Surp:        0
Hugepagesize:       2048 kB
DirectMap4k:       18424 kB
DirectMap2M:      894976 kB


CPU:total 1 (1 cores per cpu, 1 threads per core) family 6 model 69 stepping 1, cmov, cx8, fxsr, mmx, sse, sse2, sse3, ssse3, sse4.1, sse4.2, popcnt, avx, aes, erms, tsc, tscinvbit

/proc/cpuinfo:
processor	: 0
vendor_id	: GenuineIntel
cpu family	: 6
model		: 69
model name	: Intel(R) Core(TM) i7-4600U CPU @ 2.10GHz
stepping	: 1
microcode	: 0x17
cpu MHz		: 2693.830
cache size	: 4096 KB
physical id	: 0
siblings	: 1
core id		: 0
cpu cores	: 1
apicid		: 0
initial apicid	: 0
fdiv_bug	: no
f00f_bug	: no
coma_bug	: no
fpu		: yes
fpu_exception	: yes
cpuid level	: 13
wp		: yes
flags		: fpu vme de pse tsc msr pae mce cx8 apic sep mtrr pge mca cmov pat pse36 clflush dts mmx fxsr sse sse2 ss nx pdpe1gb rdtscp lm constant_tsc arch_perfmon pebs bts xtopology tsc_reliable nonstop_tsc aperfmperf eagerfpu pni pclmulqdq ssse3 fma cx16 pcid sse4_1 sse4_2 x2apic movbe popcnt aes xsave avx f16c rdrand hypervisor lahf_lm ida arat epb xsaveopt pln pts dtherm fsgsbase smep
bogomips	: 5387.66
clflush size	: 64
cache_alignment	: 64
address sizes	: 40 bits physical, 48 bits virtual
power management:



Memory: 4k page, physical 2064256k(421380k free), swap 0k(0k free)

vm_info: OpenJDK Client VM (24.79-b02) for linux-x86 JRE (1.7.0_79-b14), built on Jul 24 2015 08:28:59 by "buildd" with gcc 4.8.2

time: Fri Sep 11 08:48:43 2015
elapsed time: 0 seconds

